This file contains any messages produced by compilers while
running configure, to aid debugging if configure makes a mistake.

It was created by wimax configure 1.5.2.35, which was
generated by GNU Autoconf 2.63.  Invocation command line was

  $ ../Pipe/configure 

## --------- ##
## Platform. ##
## --------- ##

hostname = inaky-mobl4
uname -m = i686
uname -r = 2.6.31.12-174.2.22.fc12.i686
uname -s = Linux
uname -v = #1 SMP Fri Feb 19 19:26:06 UTC 2010

/usr/bin/uname -p = unknown
/bin/uname -X     = unknown

/bin/arch              = i686
/usr/bin/arch -k       = unknown
/usr/convex/getsysinfo = unknown
/usr/bin/hostinfo      = unknown
/bin/machine           = unknown
/usr/bin/oslevel       = unknown
/bin/universe          = unknown

PATH: /usr/local/bin
PATH: /usr/bin
PATH: /bin
PATH: /usr/local/sbin
PATH: /usr/sbin
PATH: /sbin
PATH: /home/inaky/opt/bin
PATH: /home/inaky/w/wmx/wms/root/1.5/bin
PATH: /home/inaky/w/wmx/wms/root/1.4/bin
PATH: /home/inaky/w/wmx/testing/root/bin
PATH: /home/inaky/w/wmx/testing/root/sbin
PATH: /home/inaky/bin
PATH: /home/inaky/opt/bin
PATH: /home/inaky/w/wmx/wms/root/1.5/bin
PATH: /home/inaky/w/wmx/wms/root/1.4/bin
PATH: /home/inaky/w/wmx/testing/root/bin
PATH: /home/inaky/w/wmx/testing/root/sbin


## ----------- ##
## Core tests. ##
## ----------- ##

configure:2114: checking for a BSD-compatible install
configure:2182: result: /usr/bin/install -c
configure:2193: checking whether build environment is sane
configure:2253: result: yes
configure:2394: checking for a thread-safe mkdir -p
configure:2433: result: /bin/mkdir -p
configure:2446: checking for gawk
configure:2462: found /usr/bin/gawk
configure:2473: result: gawk
configure:2484: checking whether make sets $(MAKE)
configure:2506: result: yes
configure:2636: checking for gcc
configure:2652: found /usr/bin/gcc
configure:2663: result: gcc
configure:2895: checking for C compiler version
configure:2903: gcc --version >&5
gcc (GCC) 4.4.3 20100127 (Red Hat 4.4.3-4)
Copyright (C) 2010 Free Software Foundation, Inc.
This is free software; see the source for copying conditions.  There is NO
warranty; not even for MERCHANTABILITY or FITNESS FOR A PARTICULAR PURPOSE.

configure:2907: $? = 0
configure:2914: gcc -v >&5
Using built-in specs.
Target: i686-redhat-linux
Configured with: ../configure --prefix=/usr --mandir=/usr/share/man --infodir=/usr/share/info --with-bugurl=http://bugzilla.redhat.com/bugzilla --enable-bootstrap --enable-shared --enable-threads=posix --enable-checking=release --with-system-zlib --enable-__cxa_atexit --disable-libunwind-exceptions --enable-gnu-unique-object --enable-languages=c,c++,objc,obj-c++,java,fortran,ada --enable-java-awt=gtk --disable-dssi --enable-plugin --with-java-home=/usr/lib/jvm/java-1.5.0-gcj-1.5.0.0/jre --enable-libgcj-multifile --enable-java-maintainer-mode --with-ecj-jar=/usr/share/java/eclipse-ecj.jar --disable-libjava-multilib --with-ppl --with-cloog --with-tune=generic --with-arch=i686 --build=i686-redhat-linux
Thread model: posix
gcc version 4.4.3 20100127 (Red Hat 4.4.3-4) (GCC) 
configure:2918: $? = 0
configure:2925: gcc -V >&5
gcc: '-V' option must have argument
configure:2929: $? = 1
configure:2952: checking for C compiler default output file name
configure:2974: gcc    conftest.c  >&5
configure:2978: $? = 0
configure:3016: result: a.out
configure:3035: checking whether the C compiler works
configure:3045: ./a.out
configure:3049: $? = 0
configure:3068: result: yes
configure:3075: checking whether we are cross compiling
configure:3077: result: no
configure:3080: checking for suffix of executables
configure:3087: gcc -o conftest    conftest.c  >&5
configure:3091: $? = 0
configure:3117: result: 
configure:3123: checking for suffix of object files
configure:3149: gcc -c   conftest.c >&5
configure:3153: $? = 0
configure:3178: result: o
configure:3182: checking whether we are using the GNU C compiler
configure:3211: gcc -c   conftest.c >&5
configure:3218: $? = 0
configure:3235: result: yes
configure:3244: checking whether gcc accepts -g
configure:3274: gcc -c -g  conftest.c >&5
configure:3281: $? = 0
configure:3382: result: yes
configure:3399: checking for gcc option to accept ISO C89
configure:3473: gcc  -c -g -O2  conftest.c >&5
configure:3480: $? = 0
configure:3503: result: none needed
configure:3532: checking for style of include used by make
configure:3560: result: GNU
configure:3585: checking dependency style of gcc
configure:3695: result: gcc3
configure:3741: checking build system type
configure:3759: result: i686-pc-linux-gnu
configure:3781: checking host system type
configure:3796: result: i686-pc-linux-gnu
configure:3818: checking for a sed that does not truncate output
configure:3884: result: /bin/sed
configure:3902: checking for grep that handles long lines and -e
configure:3962: result: /bin/grep
configure:3967: checking for egrep
configure:4031: result: /bin/grep -E
configure:4036: checking for fgrep
configure:4100: result: /bin/grep -F
configure:4135: checking for ld used by gcc
configure:4202: result: /usr/bin/ld
configure:4211: checking if the linker (/usr/bin/ld) is GNU ld
configure:4226: result: yes
configure:4238: checking for BSD- or MS-compatible name lister (nm)
configure:4287: result: /usr/bin/nm -B
configure:4405: checking the name lister (/usr/bin/nm -B) interface
configure:4412: gcc -c -g -O2  conftest.c >&5
configure:4415: /usr/bin/nm -B "conftest.o"
configure:4418: output
00000000 B some_variable
configure:4425: result: BSD nm
configure:4428: checking whether ln -s works
configure:4432: result: yes
configure:4440: checking the maximum length of command line arguments
configure:4560: result: 1966080
configure:4577: checking whether the shell understands some XSI constructs
configure:4587: result: yes
configure:4591: checking whether the shell understands "+="
configure:4597: result: yes
configure:4632: checking for /usr/bin/ld option to reload object files
configure:4639: result: -r
configure:4708: checking for objdump
configure:4724: found /usr/bin/objdump
configure:4735: result: objdump
configure:4767: checking how to recognize dependent libraries
configure:4963: result: pass_all
configure:5023: checking for ar
configure:5039: found /usr/bin/ar
configure:5050: result: ar
configure:5128: checking for strip
configure:5144: found /usr/bin/strip
configure:5155: result: strip
configure:5227: checking for ranlib
configure:5243: found /usr/bin/ranlib
configure:5254: result: ranlib
configure:5344: checking command to parse /usr/bin/nm -B output from gcc object
configure:5462: gcc -c -g -O2  conftest.c >&5
configure:5465: $? = 0
configure:5469: /usr/bin/nm -B conftest.o \| sed -n -e 's/^.*[	 ]\([ABCDGIRSTW][ABCDGIRSTW]*\)[	 ][	 ]*\([_A-Za-z][_A-Za-z0-9]*\)$/\1 \2 \2/p' \> conftest.nm
configure:5472: $? = 0
configure:5526: gcc -o conftest -g -O2   conftest.c conftstm.o >&5
configure:5529: $? = 0
configure:5567: result: ok
configure:6434: checking how to run the C preprocessor
configure:6474: gcc -E  conftest.c
configure:6481: $? = 0
configure:6512: gcc -E  conftest.c
conftest.c:10:28: error: ac_nonexistent.h: No such file or directory
configure:6519: $? = 1
configure: failed program was:
| /* confdefs.h.  */
| #define PACKAGE_NAME "wimax"
| #define PACKAGE_TARNAME "wimax"
| #define PACKAGE_VERSION "1.5.2.35"
| #define PACKAGE_STRING "wimax 1.5.2.35"
| #define PACKAGE_BUGREPORT "wimax-linux@wimaxlinux.org"
| #define PACKAGE "wimax"
| #define VERSION "1.5.2.35"
| /* end confdefs.h.  */
| #include <ac_nonexistent.h>
configure:6552: result: gcc -E
configure:6581: gcc -E  conftest.c
configure:6588: $? = 0
configure:6619: gcc -E  conftest.c
conftest.c:10:28: error: ac_nonexistent.h: No such file or directory
configure:6626: $? = 1
configure: failed program was:
| /* confdefs.h.  */
| #define PACKAGE_NAME "wimax"
| #define PACKAGE_TARNAME "wimax"
| #define PACKAGE_VERSION "1.5.2.35"
| #define PACKAGE_STRING "wimax 1.5.2.35"
| #define PACKAGE_BUGREPORT "wimax-linux@wimaxlinux.org"
| #define PACKAGE "wimax"
| #define VERSION "1.5.2.35"
| /* end confdefs.h.  */
| #include <ac_nonexistent.h>
configure:6666: checking for ANSI C header files
configure:6696: gcc -c -g -O2  conftest.c >&5

## ---------------- ##
## Cache variables. ##
## ---------------- ##

ac_cv_build=i686-pc-linux-gnu
ac_cv_c_compiler_gnu=yes
ac_cv_env_CC_set=
ac_cv_env_CC_value=
ac_cv_env_CFLAGS_set=
ac_cv_env_CFLAGS_value=
ac_cv_env_CPPFLAGS_set=
ac_cv_env_CPPFLAGS_value=
ac_cv_env_CPP_set=
ac_cv_env_CPP_value=
ac_cv_env_LDFLAGS_set=
ac_cv_env_LDFLAGS_value=
ac_cv_env_LIBNL1_CFLAGS_set=
ac_cv_env_LIBNL1_CFLAGS_value=
ac_cv_env_LIBNL1_LIBS_set=
ac_cv_env_LIBNL1_LIBS_value=
ac_cv_env_LIBS_set=
ac_cv_env_LIBS_value=
ac_cv_env_LIBWIMAX_CFLAGS_set=
ac_cv_env_LIBWIMAX_CFLAGS_value=
ac_cv_env_LIBWIMAX_LIBS_set=
ac_cv_env_LIBWIMAX_LIBS_value=
ac_cv_env_PKG_CONFIG_set=
ac_cv_env_PKG_CONFIG_value=
ac_cv_env_build_alias_set=
ac_cv_env_build_alias_value=
ac_cv_env_host_alias_set=
ac_cv_env_host_alias_value=
ac_cv_env_target_alias_set=
ac_cv_env_target_alias_value=
ac_cv_host=i686-pc-linux-gnu
ac_cv_objext=o
ac_cv_path_EGREP='/bin/grep -E'
ac_cv_path_FGREP='/bin/grep -F'
ac_cv_path_GREP=/bin/grep
ac_cv_path_SED=/bin/sed
ac_cv_path_install='/usr/bin/install -c'
ac_cv_path_mkdir=/bin/mkdir
ac_cv_prog_AWK=gawk
ac_cv_prog_CPP='gcc -E'
ac_cv_prog_ac_ct_AR=ar
ac_cv_prog_ac_ct_CC=gcc
ac_cv_prog_ac_ct_OBJDUMP=objdump
ac_cv_prog_ac_ct_RANLIB=ranlib
ac_cv_prog_ac_ct_STRIP=strip
ac_cv_prog_cc_c89=
ac_cv_prog_cc_g=yes
ac_cv_prog_make_make_set=yes
am_cv_CC_dependencies_compiler_type=gcc3
lt_cv_deplibs_check_method=pass_all
lt_cv_file_magic_cmd='$MAGIC_CMD'
lt_cv_file_magic_test_file=
lt_cv_ld_reload_flag=-r
lt_cv_nm_interface='BSD nm'
lt_cv_path_LD=/usr/bin/ld
lt_cv_path_NM='/usr/bin/nm -B'
lt_cv_prog_gnu_ld=yes
lt_cv_sys_global_symbol_pipe='sed -n -e '\''s/^.*[	 ]\([ABCDGIRSTW][ABCDGIRSTW]*\)[	 ][	 ]*\([_A-Za-z][_A-Za-z0-9]*\)$/\1 \2 \2/p'\'''
lt_cv_sys_global_symbol_to_c_name_address='sed -n -e '\''s/^: \([^ ]*\) $/  {\"\1\", (void *) 0},/p'\'' -e '\''s/^[ABCDGIRSTW]* \([^ ]*\) \([^ ]*\)$/  {"\2", (void *) \&\2},/p'\'''
lt_cv_sys_global_symbol_to_c_name_address_lib_prefix='sed -n -e '\''s/^: \([^ ]*\) $/  {\"\1\", (void *) 0},/p'\'' -e '\''s/^[ABCDGIRSTW]* \([^ ]*\) \(lib[^ ]*\)$/  {"\2", (void *) \&\2},/p'\'' -e '\''s/^[ABCDGIRSTW]* \([^ ]*\) \([^ ]*\)$/  {"lib\2", (void *) \&\2},/p'\'''
lt_cv_sys_global_symbol_to_cdecl='sed -n -e '\''s/^T .* \(.*\)$/extern int \1();/p'\'' -e '\''s/^[ABCDGIRSTW]* .* \(.*\)$/extern char \1;/p'\'''
lt_cv_sys_max_cmd_len=1966080

## ----------------- ##
## Output variables. ##
## ----------------- ##

ACLOCAL='${SHELL} /home/inaky/w/wmx/tedd/han1_WIMAX_SW.5.10.11_KP_PV_EVP/tools_projects/Pipe/missing --run aclocal-1.11'
AMDEPBACKSLASH='\'
AMDEP_FALSE='#'
AMDEP_TRUE=''
AMTAR='${SHELL} /home/inaky/w/wmx/tedd/han1_WIMAX_SW.5.10.11_KP_PV_EVP/tools_projects/Pipe/missing --run tar'
AR='ar'
AUTOCONF='${SHELL} /home/inaky/w/wmx/tedd/han1_WIMAX_SW.5.10.11_KP_PV_EVP/tools_projects/Pipe/missing --run autoconf'
AUTOHEADER='${SHELL} /home/inaky/w/wmx/tedd/han1_WIMAX_SW.5.10.11_KP_PV_EVP/tools_projects/Pipe/missing --run autoheader'
AUTOMAKE='${SHELL} /home/inaky/w/wmx/tedd/han1_WIMAX_SW.5.10.11_KP_PV_EVP/tools_projects/Pipe/missing --run automake-1.11'
AWK='gawk'
CC='gcc'
CCDEPMODE='depmode=gcc3'
CFLAGS='-g -O2'
CPP='gcc -E'
CPPFLAGS=''
CYGPATH_W='echo'
DEFS=''
DEPDIR='.deps'
DSYMUTIL=''
DUMPBIN=''
ECHO_C=''
ECHO_N='-n'
ECHO_T=''
EGREP='/bin/grep -E'
EXEEXT=''
FGREP='/bin/grep -F'
GREP='/bin/grep'
I2400M_INCLUDES=''
INSTALL_DATA='${INSTALL} -m 644'
INSTALL_PROGRAM='${INSTALL}'
INSTALL_SCRIPT='${INSTALL}'
INSTALL_STRIP_PROGRAM='$(install_sh) -c -s'
LD='/usr/bin/ld'
LDFLAGS=''
LIBNL1_CFLAGS=''
LIBNL1_LIBS=''
LIBOBJS=''
LIBS=''
LIBTOOL=''
LIBWIMAX_CFLAGS=''
LIBWIMAX_LIBS=''
LINUX_INCLUDE_PATH=''
LIPO=''
LN_S='ln -s'
LTLIBOBJS=''
MAKEINFO='${SHELL} /home/inaky/w/wmx/tedd/han1_WIMAX_SW.5.10.11_KP_PV_EVP/tools_projects/Pipe/missing --run makeinfo'
MKDIR_P='/bin/mkdir -p'
NM='/usr/bin/nm -B'
NMEDIT=''
OBJDUMP='objdump'
OBJEXT='o'
OTOOL64=''
OTOOL=''
PACKAGE='wimax'
PACKAGE_BUGREPORT='wimax-linux@wimaxlinux.org'
PACKAGE_NAME='wimax'
PACKAGE_STRING='wimax 1.5.2.35'
PACKAGE_TARNAME='wimax'
PACKAGE_VERSION='1.5.2.35'
PATH_SEPARATOR=':'
PKG_CONFIG=''
RANLIB='ranlib'
SED='/bin/sed'
SET_MAKE=''
SHELL='/bin/sh'
STRIP='strip'
USE_INST=''
VERSION='1.5.2.35'
WIMAX_TOOLS=''
ac_ct_CC='gcc'
ac_ct_DUMPBIN=''
am__EXEEXT_FALSE=''
am__EXEEXT_TRUE=''
am__fastdepCC_FALSE='#'
am__fastdepCC_TRUE=''
am__include='include'
am__isrc=''
am__leading_dot='.'
am__quote=''
am__tar='${AMTAR} chof - "$$tardir"'
am__untar='${AMTAR} xf -'
bindir='${exec_prefix}/bin'
build='i686-pc-linux-gnu'
build_alias=''
build_cpu='i686'
build_os='linux-gnu'
build_vendor='pc'
datadir='${datarootdir}'
datarootdir='${prefix}/share'
docdir='${datarootdir}/doc/${PACKAGE_TARNAME}'
dvidir='${docdir}'
exec_prefix='NONE'
host='i686-pc-linux-gnu'
host_alias=''
host_cpu='i686'
host_os='linux-gnu'
host_vendor='pc'
htmldir='${docdir}'
includedir='${prefix}/include'
infodir='${datarootdir}/info'
install_sh='${SHELL} /home/inaky/w/wmx/tedd/han1_WIMAX_SW.5.10.11_KP_PV_EVP/tools_projects/Pipe/install-sh'
libdir='${exec_prefix}/lib'
libexecdir='${exec_prefix}/libexec'
localedir='${datarootdir}/locale'
localstatedir='${prefix}/var'
lt_ECHO='echo'
mandir='${datarootdir}/man'
mkdir_p='/bin/mkdir -p'
oldincludedir='/usr/include'
pdfdir='${docdir}'
prefix='NONE'
program_prefix='NONE'
program_suffix='NONE'
program_transform_name='s,x,x,'
psdir='${docdir}'
sbindir='${exec_prefix}/sbin'
sharedstatedir='${prefix}/com'
subdirs=''
sysconfdir='${prefix}/etc'
target_alias=''

## ----------- ##
## confdefs.h. ##
## ----------- ##

#define PACKAGE_NAME "wimax"
#define PACKAGE_TARNAME "wimax"
#define PACKAGE_VERSION "1.5.2.35"
#define PACKAGE_STRING "wimax 1.5.2.35"
#define PACKAGE_BUGREPORT "wimax-linux@wimaxlinux.org"
#define PACKAGE "wimax"
#define VERSION "1.5.2.35"

configure: caught signal 2
configure: exit 1
